  Program.cpp
C:\Users\Administrator\Desktop\sbs-c--\SBS-C-Plus-Plus-part2\Program\Program\Program.cpp(32,30): error C2013: expected a ';'
      C:\Users\Administrator\Desktop\sbs-c--\SBS-C-Plus-Plus-part2\Program\Program\Program.cpp(32,30):
      템플릿 인스턴스화 컨텍스트(가장 오래된 인스턴스화 컨텍스트)가
          C:\Users\Administrator\Desktop\sbs-c--\SBS-C-Plus-Plus-part2\Program\Program\Program.cpp(7,7):
          클래스 템플릿 'Vector'을(를) 컴파일하는 동안
  
C:\Users\Administrator\Desktop\sbs-c--\SBS-C-Plus-Plus-part2\Program\Program\Program.cpp(47,4): error C2760: 구문 오류: 여기서 '}'은(는) 예상치 못한 오류였습니다. 예상된 오류는 ';'였습니다
C:\Users\Administrator\Desktop\sbs-c--\SBS-C-Plus-Plus-part2\Program\Program\Program.cpp(50,15): error C2065: 'newcapacity': 선언되지 않은 식별자입니다.
C:\Users\Administrator\Desktop\sbs-c--\SBS-C-Plus-Plus-part2\Program\Program\Program.cpp(63,21): error C2065: 'value': 선언되지 않은 식별자입니다.
C:\Users\Administrator\Desktop\sbs-c--\SBS-C-Plus-Plus-part2\Program\Program\Program.cpp(66,2): error C2760: 구문 오류: 여기서 '}'은(는) 예상치 못한 오류였습니다. 예상된 오류는 ';'였습니다
